<?xml version="1.0" encoding="UTF-8"?>
<testsuite xmlns:xsi="http://www.w3.org/2001/XMLSchema-instance" xsi:noNamespaceSchemaLocation="https://maven.apache.org/surefire/maven-failsafe-plugin/xsd/failsafe-test-report-3.0.xsd" version="3.0" name="com.oam.configuration.CukesTestRunnerParallel" time="151.54" tests="10" errors="0" skipped="0" failures="0">
  <properties>
[...]
</properties>
  <testcase name="runScenario" classname="com.oam.configuration.CukesTestRunnerParallel" time="22.607"/>
  <testcase name="runScenario" classname="com.oam.configuration.CukesTestRunnerParallel" time="11.136"/>
  <testcase name="runScenario" classname="com.oam.configuration.CukesTestRunnerParallel" time="14.171"/>
  <testcase name="runScenario" classname="com.oam.configuration.CukesTestRunnerParallel" time="8.53"/>
  <testcase name="runScenario" classname="com.oam.configuration.CukesTestRunnerParallel" time="8.745"/>
  <testcase name="runScenario" classname="com.oam.configuration.CukesTestRunnerParallel" time="7.777"/>
  <testcase name="runScenario" classname="com.oam.configuration.CukesTestRunnerParallel" time="8.519"/>
  <testcase name="runScenario" classname="com.oam.configuration.CukesTestRunnerParallel" time="9.529"/>
  <testcase name="runScenario" classname="com.oam.configuration.CukesTestRunnerParallel" time="26.849"/>
  <testcase name="runScenario" classname="com.oam.configuration.CukesTestRunnerParallel" time="32.86"/>
</testsuite>