<?xml version="1.0" encoding="UTF-8"?>
<testng-results skipped="0" failed="0" ignored="0" total="10" passed="10">
  <reporter-output>
  </reporter-output>
  <suite name="Surefire suite" duration-ms="151059" started-at="2022-08-13T11:49:53 ICT" finished-at="2022-08-13T11:52:24 ICT">
    <groups>
      <group name="cucumber">
        <method signature="AbstractTestNGCucumberTests.runScenario(io.cucumber.testng.PickleEventWrapper, io.cucumber.testng.CucumberFeatureWrapper)[pri:0, instance:com.oam.configuration.CukesTestRunnerParallel@184f6be2]" name="runScenario" class="io.cucumber.testng.AbstractTestNGCucumberTests"/>
      </group> <!-- cucumber -->
    </groups>
    <test name="Surefire test" duration-ms="151059" started-at="2022-08-13T11:49:53 ICT" finished-at="2022-08-13T11:52:24 ICT">
      <class name="com.oam.configuration.CukesTestRunnerParallel">
        <test-method status="PASS" signature="setUpClass()[pri:0, instance:com.oam.configuration.CukesTestRunnerParallel@184f6be2]" name="setUpClass" is-config="true" duration-ms="123" started-at="2022-08-13T11:49:53 ICT" finished-at="2022-08-13T11:49:53 ICT">
          <reporter-output>
          </reporter-output>
        </test-method> <!-- setUpClass -->
        <test-method status="PASS" signature="before()[pri:0, instance:com.oam.configuration.CukesTestRunnerParallel@184f6be2]" name="before" is-config="true" duration-ms="2" started-at="2022-08-13T11:49:53 ICT" finished-at="2022-08-13T11:49:53 ICT">
          <reporter-output>
          </reporter-output>
        </test-method> <!-- before -->
        <test-method status="PASS" signature="runScenario(io.cucumber.testng.PickleEventWrapper, io.cucumber.testng.CucumberFeatureWrapper)[pri:0, instance:com.oam.configuration.CukesTestRunnerParallel@184f6be2]" name="runScenario" duration-ms="22603" started-at="2022-08-13T11:49:54 ICT" description="Runs Cucumber Scenarios" data-provider="scenarios" finished-at="2022-08-13T11:50:16 ICT">
          <params>
            <param index="0">
              <value>
                <![CDATA["Create new asset - verify list"]]>
              </value>
            </param>
            <param index="1">
              <value>
                <![CDATA["Create new asset"]]>
              </value>
            </param>
          </params>
          <reporter-output>
          </reporter-output>
        </test-method> <!-- runScenario -->
        <test-method status="PASS" signature="runScenario(io.cucumber.testng.PickleEventWrapper, io.cucumber.testng.CucumberFeatureWrapper)[pri:0, instance:com.oam.configuration.CukesTestRunnerParallel@184f6be2]" name="runScenario" duration-ms="11135" started-at="2022-08-13T11:50:16 ICT" description="Runs Cucumber Scenarios" data-provider="scenarios" finished-at="2022-08-13T11:50:27 ICT">
          <params>
            <param index="0">
              <value>
                <![CDATA["Create new asset - verify detail"]]>
              </value>
            </param>
            <param index="1">
              <value>
                <![CDATA["Create new asset"]]>
              </value>
            </param>
          </params>
          <reporter-output>
          </reporter-output>
        </test-method> <!-- runScenario -->
        <test-method status="PASS" signature="runScenario(io.cucumber.testng.PickleEventWrapper, io.cucumber.testng.CucumberFeatureWrapper)[pri:0, instance:com.oam.configuration.CukesTestRunnerParallel@184f6be2]" name="runScenario" duration-ms="14170" started-at="2022-08-13T11:50:27 ICT" description="Runs Cucumber Scenarios" data-provider="scenarios" finished-at="2022-08-13T11:50:41 ICT">
          <params>
            <param index="0">
              <value>
                <![CDATA["Create new assignment - verify list"]]>
              </value>
            </param>
            <param index="1">
              <value>
                <![CDATA["Create new assignment"]]>
              </value>
            </param>
          </params>
          <reporter-output>
          </reporter-output>
        </test-method> <!-- runScenario -->
        <test-method status="PASS" signature="runScenario(io.cucumber.testng.PickleEventWrapper, io.cucumber.testng.CucumberFeatureWrapper)[pri:0, instance:com.oam.configuration.CukesTestRunnerParallel@184f6be2]" name="runScenario" duration-ms="8531" started-at="2022-08-13T11:50:41 ICT" description="Runs Cucumber Scenarios" data-provider="scenarios" finished-at="2022-08-13T11:50:50 ICT">
          <params>
            <param index="0">
              <value>
                <![CDATA["Login with valid admin account"]]>
              </value>
            </param>
            <param index="1">
              <value>
                <![CDATA["Login"]]>
              </value>
            </param>
          </params>
          <reporter-output>
          </reporter-output>
        </test-method> <!-- runScenario -->
        <test-method status="PASS" signature="runScenario(io.cucumber.testng.PickleEventWrapper, io.cucumber.testng.CucumberFeatureWrapper)[pri:0, instance:com.oam.configuration.CukesTestRunnerParallel@184f6be2]" name="runScenario" duration-ms="8745" started-at="2022-08-13T11:50:50 ICT" description="Runs Cucumber Scenarios" data-provider="scenarios" finished-at="2022-08-13T11:50:59 ICT">
          <params>
            <param index="0">
              <value>
                <![CDATA["Login with valid user account"]]>
              </value>
            </param>
            <param index="1">
              <value>
                <![CDATA["Login"]]>
              </value>
            </param>
          </params>
          <reporter-output>
          </reporter-output>
        </test-method> <!-- runScenario -->
        <test-method status="PASS" signature="runScenario(io.cucumber.testng.PickleEventWrapper, io.cucumber.testng.CucumberFeatureWrapper)[pri:0, instance:com.oam.configuration.CukesTestRunnerParallel@184f6be2]" name="runScenario" duration-ms="7777" started-at="2022-08-13T11:50:59 ICT" description="Runs Cucumber Scenarios" data-provider="scenarios" finished-at="2022-08-13T11:51:06 ICT">
          <params>
            <param index="0">
              <value>
                <![CDATA["Login with invalid admin account"]]>
              </value>
            </param>
            <param index="1">
              <value>
                <![CDATA["Login"]]>
              </value>
            </param>
          </params>
          <reporter-output>
          </reporter-output>
        </test-method> <!-- runScenario -->
        <test-method status="PASS" signature="runScenario(io.cucumber.testng.PickleEventWrapper, io.cucumber.testng.CucumberFeatureWrapper)[pri:0, instance:com.oam.configuration.CukesTestRunnerParallel@184f6be2]" name="runScenario" duration-ms="8520" started-at="2022-08-13T11:51:06 ICT" description="Runs Cucumber Scenarios" data-provider="scenarios" finished-at="2022-08-13T11:51:15 ICT">
          <params>
            <param index="0">
              <value>
                <![CDATA["Logout of admin account"]]>
              </value>
            </param>
            <param index="1">
              <value>
                <![CDATA["Login"]]>
              </value>
            </param>
          </params>
          <reporter-output>
          </reporter-output>
        </test-method> <!-- runScenario -->
        <test-method status="PASS" signature="runScenario(io.cucumber.testng.PickleEventWrapper, io.cucumber.testng.CucumberFeatureWrapper)[pri:0, instance:com.oam.configuration.CukesTestRunnerParallel@184f6be2]" name="runScenario" duration-ms="9529" started-at="2022-08-13T11:51:15 ICT" description="Runs Cucumber Scenarios" data-provider="scenarios" finished-at="2022-08-13T11:51:25 ICT">
          <params>
            <param index="0">
              <value>
                <![CDATA["Logout of user account"]]>
              </value>
            </param>
            <param index="1">
              <value>
                <![CDATA["Login"]]>
              </value>
            </param>
          </params>
          <reporter-output>
          </reporter-output>
        </test-method> <!-- runScenario -->
        <test-method status="PASS" signature="runScenario(io.cucumber.testng.PickleEventWrapper, io.cucumber.testng.CucumberFeatureWrapper)[pri:0, instance:com.oam.configuration.CukesTestRunnerParallel@184f6be2]" name="runScenario" duration-ms="26850" started-at="2022-08-13T11:51:25 ICT" description="Runs Cucumber Scenarios" data-provider="scenarios" finished-at="2022-08-13T11:51:51 ICT">
          <params>
            <param index="0">
              <value>
                <![CDATA["Return asset - Accept request - State changed to Completed"]]>
              </value>
            </param>
            <param index="1">
              <value>
                <![CDATA["Request For Returning"]]>
              </value>
            </param>
          </params>
          <reporter-output>
          </reporter-output>
        </test-method> <!-- runScenario -->
        <test-method status="PASS" signature="runScenario(io.cucumber.testng.PickleEventWrapper, io.cucumber.testng.CucumberFeatureWrapper)[pri:0, instance:com.oam.configuration.CukesTestRunnerParallel@184f6be2]" name="runScenario" duration-ms="32859" started-at="2022-08-13T11:51:51 ICT" description="Runs Cucumber Scenarios" data-provider="scenarios" finished-at="2022-08-13T11:52:24 ICT">
          <params>
            <param index="0">
              <value>
                <![CDATA["Return asset - Deny request - Request is removed from the list"]]>
              </value>
            </param>
            <param index="1">
              <value>
                <![CDATA["Request For Returning"]]>
              </value>
            </param>
          </params>
          <reporter-output>
          </reporter-output>
        </test-method> <!-- runScenario -->
        <test-method status="PASS" signature="after()[pri:0, instance:com.oam.configuration.CukesTestRunnerParallel@184f6be2]" name="after" is-config="true" duration-ms="0" started-at="2022-08-13T11:52:24 ICT" finished-at="2022-08-13T11:52:24 ICT">
          <reporter-output>
          </reporter-output>
        </test-method> <!-- after -->
        <test-method status="PASS" signature="tearDownClass()[pri:0, instance:com.oam.configuration.CukesTestRunnerParallel@184f6be2]" name="tearDownClass" is-config="true" duration-ms="153" started-at="2022-08-13T11:52:24 ICT" finished-at="2022-08-13T11:52:24 ICT">
          <reporter-output>
          </reporter-output>
        </test-method> <!-- tearDownClass -->
      </class> <!-- com.oam.configuration.CukesTestRunnerParallel -->
    </test> <!-- Surefire test -->
  </suite> <!-- Surefire suite -->
</testng-results>
